105.06.17 10:00 B R:\wwwroot\HealthCareDiscussions_com\images\Cbeck_bottom.jpg --> ftp.healthcarediscussions.com /images Cbeck_bottom.jpg
105.06.17 10:00 B R:\wwwroot\HealthCareDiscussions_com\images\Cbeck_top.jpg --> ftp.healthcarediscussions.com /images Cbeck_top.jpg
105.06.17 10:00 B R:\wwwroot\HealthCareDiscussions_com\images\GroupDyn_bottom.jpg --> ftp.healthcarediscussions.com /images GroupDyn_bottom.jpg
105.06.17 10:01 B R:\wwwroot\HealthCareDiscussions_com\images\GroupDyn_top.jpg --> ftp.healthcarediscussions.com /images GroupDyn_top.jpg
105.06.17 10:01 B R:\wwwroot\HealthCareDiscussions_com\images\MainHDLogo.gif --> ftp.healthcarediscussions.com /images MainHDLogo.gif
105.06.17 10:01 B R:\wwwroot\HealthCareDiscussions_com\images\nav_aboutus_off.gif --> ftp.healthcarediscussions.com /images nav_aboutus_off.gif
105.06.17 10:01 B R:\wwwroot\HealthCareDiscussions_com\images\nav_aboutus_on.gif --> ftp.healthcarediscussions.com /images nav_aboutus_on.gif
105.06.17 10:01 B R:\wwwroot\HealthCareDiscussions_com\images\nav_honorariaRed_off.gif --> ftp.healthcarediscussions.com /images nav_honorariaRed_off.gif
105.06.17 10:01 B R:\wwwroot\HealthCareDiscussions_com\images\nav_honorariaRed_on.gif --> ftp.healthcarediscussions.com /images nav_honorariaRed_on.gif
105.06.17 10:01 B R:\wwwroot\HealthCareDiscussions_com\images\nav_onlinematerials_off.gif --> ftp.healthcarediscussions.com /images nav_onlinematerials_off.gif
105.06.17 10:01 B R:\wwwroot\HealthCareDiscussions_com\images\nav_onlinematerials_on.gif --> ftp.healthcarediscussions.com /images nav_onlinematerials_on.gif
105.06.17 10:01 B R:\wwwroot\HealthCareDiscussions_com\images\nav_programregistration_off.gif --> ftp.healthcarediscussions.com /images nav_programregistration_off.gif
105.06.17 10:01 B R:\wwwroot\HealthCareDiscussions_com\images\nav_programregistration_on.gif --> ftp.healthcarediscussions.com /images nav_programregistration_on.gif
105.06.17 10:01 B R:\wwwroot\HealthCareDiscussions_com\images\pharmakon_bottom.jpg --> ftp.healthcarediscussions.com /images pharmakon_bottom.jpg
105.06.17 10:01 B R:\wwwroot\HealthCareDiscussions_com\images\Pharmakon_top.jpg --> ftp.healthcarediscussions.com /images Pharmakon_top.jpg
105.06.17 10:01 B R:\wwwroot\HealthCareDiscussions_com\images\sharecom_bottom.jpg --> ftp.healthcarediscussions.com /images sharecom_bottom.jpg
105.06.17 10:01 B R:\wwwroot\HealthCareDiscussions_com\images\sharecom_Top.jpg --> ftp.healthcarediscussions.com /images sharecom_Top.jpg
105.06.17 10:01 B R:\wwwroot\HealthCareDiscussions_com\images\vistacom_bottom.jpg --> ftp.healthcarediscussions.com /images vistacom_bottom.jpg
105.06.17 10:01 B R:\wwwroot\HealthCareDiscussions_com\images\Vistacom_top.jpg --> ftp.healthcarediscussions.com /images Vistacom_top.jpg
105.06.17 10:08 B R:\wwwroot\HealthCareDiscussions_com\images\navDivider.jpg --> ftp.healthcarediscussions.com /images navDivider.jpg
105.06.17 10:12 B R:\wwwroot\HealthCareDiscussions_com\images\logopic1.jpg --> ftp.healthcarediscussions.com /images logopic1.jpg
105.06.17 10:12 B R:\wwwroot\HealthCareDiscussions_com\images\logopic2.jpg --> ftp.healthcarediscussions.com /images logopic2.jpg
105.06.17 10:12 B R:\wwwroot\HealthCareDiscussions_com\images\logopic3.jpg --> ftp.healthcarediscussions.com /images logopic3.jpg
105.06.17 10:17 B R:\wwwroot\HealthCareDiscussions_com\images\navDivider.gif --> ftp.healthcarediscussions.com /images navDivider.gif
105.06.23 09:01 B R:\wwwroot\HealthCareDiscussions_com\images\mod_bottom.jpg --> ftp.healthcarediscussions.com /images mod_bottom.jpg
105.06.23 09:01 B R:\wwwroot\HealthCareDiscussions_com\images\mod_top.jpg --> ftp.healthcarediscussions.com /images mod_top.jpg
105.06.23 09:02 B R:\wwwroot\HealthCareDiscussions_com\images\navbg.gif --> ftp.healthcarediscussions.com /images navbg.gif
